<?xml version="1.0" encoding="UTF-8"?>
<!-- Generated by org.testng.reporters.JUnitReportReporter -->
<testsuite hostname="DESKTOP-RFIQV5H" failures="0" tests="2" name="TestNgConcept.demo2" time="0.006" errors="0" timestamp="2024-04-20T15:03:41 IST" skipped="0">
  <testcase classname="TestNgConcept.demo2" name="Test1" time="0.002"/>
  <testcase classname="TestNgConcept.demo2" name="Test2" time="0.004"/>
</testsuite> <!-- TestNgConcept.demo2 -->
