<?xml version="1.0" encoding="UTF-8"?>
<!-- Generated by org.testng.reporters.JUnitReportReporter -->
<testsuite hostname="DESKTOP-RFIQV5H" failures="0" tests="2" name="TestNgConcept.demo1" time="0.018" errors="0" timestamp="2024-04-20T15:03:41 IST" skipped="0">
  <testcase classname="TestNgConcept.demo1" name="test2" time="0.006"/>
  <testcase classname="TestNgConcept.demo1" name="test1" time="0.012"/>
</testsuite> <!-- TestNgConcept.demo1 -->
